<?xml version="1.0" encoding="UTF-8"?>
<!-- Generated by org.testng.reporters.JUnitReportReporter -->
<testsuite skipped="0" hostname="iam_shailesh" name="test.project.Validate_U269" tests="2" failures="0" timestamp="21 Nov 2020 15:04:13 GMT" time="0.429" errors="0">
  <testcase name="sendName" time="0.362" classname="test.project.Validate_U269"/>
  <testcase name="verifyName" time="0.067" classname="test.project.Validate_U269"/>
</testsuite> <!-- test.project.Validate_U269 -->
